<?xml version="1.0" encoding="UTF-8"?>
<!-- Generated by org.testng.reporters.JUnitReportReporter -->
<testsuite hostname="LAPTOP-1NHMVQOV" failures="0" tests="1" name="com.testcase.LoginTestCase" time="23.058" errors="0" timestamp="2022-06-20T12:24:58 IST" skipped="0">
  <testcase classname="com.testcase.LoginTestCase" name="loginTest" time="23.058"/>
  <system-out/>
</testsuite> <!-- com.testcase.LoginTestCase -->
